<?xml version="1.0" encoding="UTF-8"?>
<testsuite xmlns:xsi="http://www.w3.org/2001/XMLSchema-instance" xsi:noNamespaceSchemaLocation="https://maven.apache.org/surefire/maven-surefire-plugin/xsd/surefire-test-report.xsd" version="3.0.1" name="org.example.L2023120252_11_Test" time="0.069" tests="8" errors="0" skipped="0" failures="0">
  <properties>
[...]
</properties>
  <testcase name="testThreeSumWithSingleElement" classname="org.example.L2023120252_11_Test" time="0.029"/>
  <testcase name="testThreeSumWithMultipleSolutions" classname="org.example.L2023120252_11_Test" time="0.001"/>
  <testcase name="testThreeSumWithNoSolution" classname="org.example.L2023120252_11_Test" time="0.001"/>
  <testcase name="testThreeSumWithNegativeAndPositiveNumbers" classname="org.example.L2023120252_11_Test" time="0.001"/>
  <testcase name="testThreeSumWithDuplicates" classname="org.example.L2023120252_11_Test" time="0.001"/>
  <testcase name="testThreeSumWithTwoElements" classname="org.example.L2023120252_11_Test" time="0.001"/>
  <testcase name="testThreeSumWithEmptyArray" classname="org.example.L2023120252_11_Test" time="0.0"/>
  <testcase name="testThreeSumWithAllZeros" classname="org.example.L2023120252_11_Test" time="0.0"/>
</testsuite>